[21:58:34] [Server thread/INFO]: Starting minecraft server version 1.15.2
[21:58:34] [Server thread/INFO]: Loading properties
[21:58:34] [Server thread/INFO]: This server is running Paper version git-Paper-393 (MC: 1.15.2) (Implementing API version 1.15.2-R0.1-SNAPSHOT)
[21:58:34] [Server thread/INFO]: Debug logging is disabled
[21:58:34] [Server thread/INFO]: Server Ping Player Sample Count: 12
[21:58:34] [Server thread/INFO]: Using 4 threads for Netty based IO
[21:58:34] [Server thread/INFO]: Default game type: SURVIVAL
[21:58:34] [Server thread/INFO]: Generating keypair
[21:58:35] [Server thread/INFO]: Starting Minecraft server on *:25565
[21:58:35] [Server thread/INFO]: Using epoll channel type
[21:58:35] [Server thread/WARN]: **** SERVER IS RUNNING IN OFFLINE/INSECURE MODE!
[21:58:35] [Server thread/WARN]: The server will make no attempt to authenticate usernames. Beware.
[21:58:35] [Server thread/WARN]: While this makes the game possible to play without internet access, it also opens up the ability for hackers to connect with any username they choose.
[21:58:35] [Server thread/WARN]: To change this, set "online-mode" to "true" in the server.properties file.
[21:58:35] [Server thread/INFO]: Preparing level "world"
[21:58:35] [Server thread/INFO]: Found new data pack file/bukkit, loading it automatically
[21:58:35] [Server thread/INFO]: Found new data pack vanilla, loading it automatically
[21:58:35] [Server thread/INFO]: Reloading ResourceManager: Default, bukkit
[21:58:46] [Server thread/INFO]: Loaded 6 recipes
[21:58:46] [Server thread/INFO]: -------- World Settings For [world] --------
[21:58:46] [Server thread/INFO]: Mob Spawn Range: 8
[21:58:46] [Server thread/INFO]: Experience Merge Radius: 3.0
[21:58:46] [Server thread/INFO]: Cactus Growth Modifier: 100%
[21:58:46] [Server thread/INFO]: Cane Growth Modifier: 100%
[21:58:46] [Server thread/INFO]: Melon Growth Modifier: 100%
[21:58:46] [Server thread/INFO]: Mushroom Growth Modifier: 100%
[21:58:46] [Server thread/INFO]: Pumpkin Growth Modifier: 100%
[21:58:46] [Server thread/INFO]: Sapling Growth Modifier: 100%
[21:58:46] [Server thread/INFO]: Beetroot Growth Modifier: 100%
[21:58:46] [Server thread/INFO]: Carrot Growth Modifier: 100%
[21:58:46] [Server thread/INFO]: Potato Growth Modifier: 100%
[21:58:46] [Server thread/INFO]: Wheat Growth Modifier: 100%
[21:58:46] [Server thread/INFO]: NetherWart Growth Modifier: 100%
[21:58:46] [Server thread/INFO]: Vine Growth Modifier: 100%
[21:58:46] [Server thread/INFO]: Cocoa Growth Modifier: 100%
[21:58:46] [Server thread/INFO]: Bamboo Growth Modifier: 100%
[21:58:46] [Server thread/INFO]: SweetBerry Growth Modifier: 100%
[21:58:46] [Server thread/INFO]: Kelp Growth Modifier: 100%
[21:58:46] [Server thread/INFO]: Entity Activation Range: An 32 / Mo 32 / Ra 48 / Mi 16 / Tiv true
[21:58:46] [Server thread/INFO]: Entity Tracking Range: Pl 48 / An 48 / Mo 48 / Mi 32 / Other 64
[21:58:46] [Server thread/INFO]: Hopper Transfer: 8 Hopper Check: 1 Hopper Amount: 1
[21:58:46] [Server thread/INFO]: Custom Map Seeds:  Village: 10387312 Desert: 14357617 Igloo: 14357618 Jungle: 14357619 Swamp: 14357620 Monument: 10387313 Ocean: 14357621 Shipwreck: 165745295 End City: 10387313 Slime: 987234911
[21:58:46] [Server thread/INFO]: Max TNT Explosions: 100
[21:58:46] [Server thread/INFO]: Tile Max Tick Time: 50ms Entity max Tick Time: 50ms
[21:58:46] [Server thread/INFO]: View Distance: 10
[21:58:46] [Server thread/INFO]: Allow Zombie Pigmen to spawn from portal blocks: true
[21:58:46] [Server thread/INFO]: Item Merge Radius: 2.5
[21:58:46] [Server thread/INFO]: Item Despawn Rate: 6000
[21:58:46] [Server thread/INFO]: Arrow Despawn Rate: 1200 Trident Respawn Rate:1200
[21:58:46] [Server thread/INFO]: Zombie Aggressive Towards Villager: true
[21:58:46] [Server thread/INFO]: Nerfing mobs spawned from spawners: false
[21:58:49] [Server thread/INFO]: -------- World Settings For [world_nether] --------
[21:58:49] [Server thread/INFO]: Mob Spawn Range: 8
[21:58:49] [Server thread/INFO]: Experience Merge Radius: 3.0
[21:58:49] [Server thread/INFO]: Cactus Growth Modifier: 100%
[21:58:49] [Server thread/INFO]: Cane Growth Modifier: 100%
[21:58:49] [Server thread/INFO]: Melon Growth Modifier: 100%
[21:58:49] [Server thread/INFO]: Mushroom Growth Modifier: 100%
[21:58:49] [Server thread/INFO]: Pumpkin Growth Modifier: 100%
[21:58:49] [Server thread/INFO]: Sapling Growth Modifier: 100%
[21:58:49] [Server thread/INFO]: Beetroot Growth Modifier: 100%
[21:58:49] [Server thread/INFO]: Carrot Growth Modifier: 100%
[21:58:49] [Server thread/INFO]: Potato Growth Modifier: 100%
[21:58:49] [Server thread/INFO]: Wheat Growth Modifier: 100%
[21:58:49] [Server thread/INFO]: NetherWart Growth Modifier: 100%
[21:58:49] [Server thread/INFO]: Vine Growth Modifier: 100%
[21:58:49] [Server thread/INFO]: Cocoa Growth Modifier: 100%
[21:58:49] [Server thread/INFO]: Bamboo Growth Modifier: 100%
[21:58:49] [Server thread/INFO]: SweetBerry Growth Modifier: 100%
[21:58:49] [Server thread/INFO]: Kelp Growth Modifier: 100%
[21:58:49] [Server thread/INFO]: Entity Activation Range: An 32 / Mo 32 / Ra 48 / Mi 16 / Tiv true
[21:58:49] [Server thread/INFO]: Entity Tracking Range: Pl 48 / An 48 / Mo 48 / Mi 32 / Other 64
[21:58:49] [Server thread/INFO]: Hopper Transfer: 8 Hopper Check: 1 Hopper Amount: 1
[21:58:49] [Server thread/INFO]: Custom Map Seeds:  Village: 10387312 Desert: 14357617 Igloo: 14357618 Jungle: 14357619 Swamp: 14357620 Monument: 10387313 Ocean: 14357621 Shipwreck: 165745295 End City: 10387313 Slime: 987234911
[21:58:49] [Server thread/INFO]: Max TNT Explosions: 100
[21:58:49] [Server thread/INFO]: Tile Max Tick Time: 50ms Entity max Tick Time: 50ms
[21:58:49] [Server thread/INFO]: View Distance: 10
[21:58:49] [Server thread/INFO]: Allow Zombie Pigmen to spawn from portal blocks: true
[21:58:49] [Server thread/INFO]: Item Merge Radius: 2.5
[21:58:49] [Server thread/INFO]: Item Despawn Rate: 6000
[21:58:49] [Server thread/INFO]: Arrow Despawn Rate: 1200 Trident Respawn Rate:1200
[21:58:49] [Server thread/INFO]: Zombie Aggressive Towards Villager: true
[21:58:49] [Server thread/INFO]: Nerfing mobs spawned from spawners: false
[21:58:49] [Server thread/INFO]: -------- World Settings For [world_the_end] --------
[21:58:49] [Server thread/INFO]: Mob Spawn Range: 8
[21:58:49] [Server thread/INFO]: Experience Merge Radius: 3.0
[21:58:49] [Server thread/INFO]: Cactus Growth Modifier: 100%
[21:58:49] [Server thread/INFO]: Cane Growth Modifier: 100%
[21:58:49] [Server thread/INFO]: Melon Growth Modifier: 100%
[21:58:49] [Server thread/INFO]: Mushroom Growth Modifier: 100%
[21:58:49] [Server thread/INFO]: Pumpkin Growth Modifier: 100%
[21:58:49] [Server thread/INFO]: Sapling Growth Modifier: 100%
[21:58:49] [Server thread/INFO]: Beetroot Growth Modifier: 100%
[21:58:49] [Server thread/INFO]: Carrot Growth Modifier: 100%
[21:58:49] [Server thread/INFO]: Potato Growth Modifier: 100%
[21:58:49] [Server thread/INFO]: Wheat Growth Modifier: 100%
[21:58:49] [Server thread/INFO]: NetherWart Growth Modifier: 100%
[21:58:49] [Server thread/INFO]: Vine Growth Modifier: 100%
[21:58:49] [Server thread/INFO]: Cocoa Growth Modifier: 100%
[21:58:49] [Server thread/INFO]: Bamboo Growth Modifier: 100%
[21:58:49] [Server thread/INFO]: SweetBerry Growth Modifier: 100%
[21:58:49] [Server thread/INFO]: Kelp Growth Modifier: 100%
[21:58:49] [Server thread/INFO]: Entity Activation Range: An 32 / Mo 32 / Ra 48 / Mi 16 / Tiv true
[21:58:49] [Server thread/INFO]: Entity Tracking Range: Pl 48 / An 48 / Mo 48 / Mi 32 / Other 64
[21:58:49] [Server thread/INFO]: Hopper Transfer: 8 Hopper Check: 1 Hopper Amount: 1
[21:58:49] [Server thread/INFO]: Custom Map Seeds:  Village: 10387312 Desert: 14357617 Igloo: 14357618 Jungle: 14357619 Swamp: 14357620 Monument: 10387313 Ocean: 14357621 Shipwreck: 165745295 End City: 10387313 Slime: 987234911
[21:58:49] [Server thread/INFO]: Max TNT Explosions: 100
[21:58:49] [Server thread/INFO]: Tile Max Tick Time: 50ms Entity max Tick Time: 50ms
[21:58:49] [Server thread/INFO]: View Distance: 10
[21:58:49] [Server thread/INFO]: Allow Zombie Pigmen to spawn from portal blocks: true
[21:58:49] [Server thread/INFO]: Item Merge Radius: 2.5
[21:58:49] [Server thread/INFO]: Item Despawn Rate: 6000
[21:58:49] [Server thread/INFO]: Arrow Despawn Rate: 1200 Trident Respawn Rate:1200
[21:58:49] [Server thread/INFO]: Zombie Aggressive Towards Villager: true
[21:58:49] [Server thread/INFO]: Nerfing mobs spawned from spawners: false
[21:58:49] [Server thread/INFO]: Preparing start region for dimension 'world'/minecraft:overworld
[21:58:50] [Server thread/INFO]: Loaded 0 spawn chunks for world world
[21:58:50] [Server-Worker-1/INFO]: Preparing spawn area: 0%
[21:58:50] [Server thread/INFO]: Time elapsed: 405 ms
[21:58:50] [Server thread/INFO]: Preparing start region for dimension 'world_nether'/minecraft:the_nether
[21:58:50] [Server thread/INFO]: Loaded 0 spawn chunks for world world_nether
[21:58:50] [Server-Worker-1/INFO]: Preparing spawn area: 0%
[21:58:50] [Server-Worker-1/INFO]: Preparing spawn area: 0%
[21:58:50] [Server thread/INFO]: Time elapsed: 688 ms
[21:58:50] [Server thread/INFO]: Preparing start region for dimension 'world_the_end'/minecraft:the_end
[21:58:53] [Server thread/INFO]: Loaded 0 spawn chunks for world world_the_end
[21:58:53] [Server thread/INFO]: Time elapsed: 2058 ms
[21:58:53] [Server thread/INFO]: Running delayed init tasks
[21:58:53] [Server thread/INFO]: Done (18.548s)! For help, type "help"
[21:58:53] [Server thread/INFO]: Timings Reset
